/Users/kinshuk.dutta/AIGuardian/apps/ml/main.py:102: DeprecationWarning: 
        on_event is deprecated, use lifespan event handlers instead.

        Read more about it in the
        [FastAPI docs for Lifespan Events](https://fastapi.tiangolo.com/advanced/events/).
        
  @app.on_event("startup")
INFO:     Will watch for changes in these directories: ['/Users/kinshuk.dutta/AIGuardian/apps/ml']
INFO:     Uvicorn running on http://0.0.0.0:8001 (Press CTRL+C to quit)
INFO:     Started reloader process [18723] using WatchFiles
INFO:     Started server process [19715]
INFO:     Waiting for application startup.
2025-08-27 08:18:51,003 - ml_service - INFO - Initializing ML services...
2025-08-27 08:18:51,004 - ml_service - INFO - ML services initialized successfully
INFO:     Application startup complete.
INFO:     127.0.0.1:62690 - "GET /health HTTP/1.1" 200 OK
INFO:     127.0.0.1:64944 - "GET /health HTTP/1.1" 200 OK
INFO:     127.0.0.1:49825 - "GET /health HTTP/1.1" 200 OK
WARNING:  Invalid HTTP request received.
WARNING:  Invalid HTTP request received.
WARNING:  Invalid HTTP request received.
WARNING:  Invalid HTTP request received.
WARNING:  Invalid HTTP request received.
WARNING:  Invalid HTTP request received.
WARNING:  Invalid HTTP request received.
WARNING:  Invalid HTTP request received.
WARNING:  Invalid HTTP request received.
WARNING:  Invalid HTTP request received.
